==== Starting backend-notice - Fri Nov 28 10:47:02 UTC 2025 ====
Requirement already satisfied: pip in ./backend-notice/.venv/lib/python3.12/site-packages (25.3)
Ignoring pywin32: markers 'sys_platform == "win32"' don't match your environment
Requirement already satisfied: aio-pika==9.5.7 in ./backend-notice/.venv/lib/python3.12/site-packages (from -r /home/sahaj/sahaj-os/services/backend-notice/requirements.txt (line 1)) (9.5.7)
Requirement already satisfied: aiormq==6.9.0 in ./backend-notice/.venv/lib/python3.12/site-packages (from -r /home/sahaj/sahaj-os/services/backend-notice/requirements.txt (line 2)) (6.9.0)
Requirement already satisfied: annotated-types==0.7.0 in ./backend-notice/.venv/lib/python3.12/site-packages (from -r /home/sahaj/sahaj-os/services/backend-notice/requirements.txt (line 3)) (0.7.0)
Requirement already satisfied: anyio==4.11.0 in ./backend-notice/.venv/lib/python3.12/site-packages (from -r /home/sahaj/sahaj-os/services/backend-notice/requirements.txt (line 4)) (4.11.0)
Requirement already satisfied: argon2-cffi==25.1.0 in ./backend-notice/.venv/lib/python3.12/site-packages (from -r /home/sahaj/sahaj-os/services/backend-notice/requirements.txt (line 5)) (25.1.0)
Requirement already satisfied: argon2-cffi-bindings==25.1.0 in ./backend-notice/.venv/lib/python3.12/site-packages (from -r /home/sahaj/sahaj-os/services/backend-notice/requirements.txt (line 6)) (25.1.0)
Requirement already satisfied: asyncpg==0.30.0 in ./backend-notice/.venv/lib/python3.12/site-packages (from -r /home/sahaj/sahaj-os/services/backend-notice/requirements.txt (line 7)) (0.30.0)
Requirement already satisfied: bcrypt==4.3.0 in ./backend-notice/.venv/lib/python3.12/site-packages (from -r /home/sahaj/sahaj-os/services/backend-notice/requirements.txt (line 8)) (4.3.0)
Requirement already satisfied: bidict==0.23.1 in ./backend-notice/.venv/lib/python3.12/site-packages (from -r /home/sahaj/sahaj-os/services/backend-notice/requirements.txt (line 9)) (0.23.1)
Requirement already satisfied: blinker==1.9.0 in ./backend-notice/.venv/lib/python3.12/site-packages (from -r /home/sahaj/sahaj-os/services/backend-notice/requirements.txt (line 10)) (1.9.0)
Requirement already satisfied: Brotli==1.1.0 in ./backend-notice/.venv/lib/python3.12/site-packages (from -r /home/sahaj/sahaj-os/services/backend-notice/requirements.txt (line 11)) (1.1.0)
Requirement already satisfied: certifi==2025.8.3 in ./backend-notice/.venv/lib/python3.12/site-packages (from -r /home/sahaj/sahaj-os/services/backend-notice/requirements.txt (line 12)) (2025.8.3)
Requirement already satisfied: cffi==2.0.0 in ./backend-notice/.venv/lib/python3.12/site-packages (from -r /home/sahaj/sahaj-os/services/backend-notice/requirements.txt (line 13)) (2.0.0)
Requirement already satisfied: charset-normalizer==3.4.3 in ./backend-notice/.venv/lib/python3.12/site-packages (from -r /home/sahaj/sahaj-os/services/backend-notice/requirements.txt (line 14)) (3.4.3)
Requirement already satisfied: click==8.3.0 in ./backend-notice/.venv/lib/python3.12/site-packages (from -r /home/sahaj/sahaj-os/services/backend-notice/requirements.txt (line 15)) (8.3.0)
Requirement already satisfied: colorama==0.4.6 in ./backend-notice/.venv/lib/python3.12/site-packages (from -r /home/sahaj/sahaj-os/services/backend-notice/requirements.txt (line 16)) (0.4.6)
Requirement already satisfied: ConfigArgParse==1.7.1 in ./backend-notice/.venv/lib/python3.12/site-packages (from -r /home/sahaj/sahaj-os/services/backend-notice/requirements.txt (line 17)) (1.7.1)
Requirement already satisfied: cryptography==46.0.2 in ./backend-notice/.venv/lib/python3.12/site-packages (from -r /home/sahaj/sahaj-os/services/backend-notice/requirements.txt (line 18)) (46.0.2)
Requirement already satisfied: Deprecated==1.2.18 in ./backend-notice/.venv/lib/python3.12/site-packages (from -r /home/sahaj/sahaj-os/services/backend-notice/requirements.txt (line 19)) (1.2.18)
Requirement already satisfied: dnspython==2.8.0 in ./backend-notice/.venv/lib/python3.12/site-packages (from -r /home/sahaj/sahaj-os/services/backend-notice/requirements.txt (line 20)) (2.8.0)
Requirement already satisfied: ecdsa==0.19.1 in ./backend-notice/.venv/lib/python3.12/site-packages (from -r /home/sahaj/sahaj-os/services/backend-notice/requirements.txt (line 21)) (0.19.1)
Requirement already satisfied: email-validator==2.3.0 in ./backend-notice/.venv/lib/python3.12/site-packages (from -r /home/sahaj/sahaj-os/services/backend-notice/requirements.txt (line 22)) (2.3.0)
Requirement already satisfied: fastapi==0.118.0 in ./backend-notice/.venv/lib/python3.12/site-packages (from -r /home/sahaj/sahaj-os/services/backend-notice/requirements.txt (line 23)) (0.118.0)
Requirement already satisfied: Flask==3.1.2 in ./backend-notice/.venv/lib/python3.12/site-packages (from -r /home/sahaj/sahaj-os/services/backend-notice/requirements.txt (line 24)) (3.1.2)
Requirement already satisfied: flask-cors==6.0.1 in ./backend-notice/.venv/lib/python3.12/site-packages (from -r /home/sahaj/sahaj-os/services/backend-notice/requirements.txt (line 25)) (6.0.1)
Requirement already satisfied: Flask-Login==0.6.3 in ./backend-notice/.venv/lib/python3.12/site-packages (from -r /home/sahaj/sahaj-os/services/backend-notice/requirements.txt (line 26)) (0.6.3)
Requirement already satisfied: gevent==25.5.1 in ./backend-notice/.venv/lib/python3.12/site-packages (from -r /home/sahaj/sahaj-os/services/backend-notice/requirements.txt (line 27)) (25.5.1)
Requirement already satisfied: geventhttpclient==2.3.4 in ./backend-notice/.venv/lib/python3.12/site-packages (from -r /home/sahaj/sahaj-os/services/backend-notice/requirements.txt (line 28)) (2.3.4)
Requirement already satisfied: greenlet==3.2.4 in ./backend-notice/.venv/lib/python3.12/site-packages (from -r /home/sahaj/sahaj-os/services/backend-notice/requirements.txt (line 29)) (3.2.4)
Requirement already satisfied: h11==0.16.0 in ./backend-notice/.venv/lib/python3.12/site-packages (from -r /home/sahaj/sahaj-os/services/backend-notice/requirements.txt (line 30)) (0.16.0)
Requirement already satisfied: hiredis==3.2.1 in ./backend-notice/.venv/lib/python3.12/site-packages (from -r /home/sahaj/sahaj-os/services/backend-notice/requirements.txt (line 31)) (3.2.1)
Requirement already satisfied: httpcore==1.0.9 in ./backend-notice/.venv/lib/python3.12/site-packages (from -r /home/sahaj/sahaj-os/services/backend-notice/requirements.txt (line 32)) (1.0.9)
Requirement already satisfied: httptools==0.6.4 in ./backend-notice/.venv/lib/python3.12/site-packages (from -r /home/sahaj/sahaj-os/services/backend-notice/requirements.txt (line 33)) (0.6.4)
Requirement already satisfied: httpx==0.28.1 in ./backend-notice/.venv/lib/python3.12/site-packages (from -r /home/sahaj/sahaj-os/services/backend-notice/requirements.txt (line 34)) (0.28.1)
Requirement already satisfied: idna==3.10 in ./backend-notice/.venv/lib/python3.12/site-packages (from -r /home/sahaj/sahaj-os/services/backend-notice/requirements.txt (line 35)) (3.10)
Requirement already satisfied: iniconfig==2.1.0 in ./backend-notice/.venv/lib/python3.12/site-packages (from -r /home/sahaj/sahaj-os/services/backend-notice/requirements.txt (line 36)) (2.1.0)
Requirement already satisfied: itsdangerous==2.2.0 in ./backend-notice/.venv/lib/python3.12/site-packages (from -r /home/sahaj/sahaj-os/services/backend-notice/requirements.txt (line 37)) (2.2.0)
Requirement already satisfied: Jinja2==3.1.6 in ./backend-notice/.venv/lib/python3.12/site-packages (from -r /home/sahaj/sahaj-os/services/backend-notice/requirements.txt (line 38)) (3.1.6)
Requirement already satisfied: limits==5.6.0 in ./backend-notice/.venv/lib/python3.12/site-packages (from -r /home/sahaj/sahaj-os/services/backend-notice/requirements.txt (line 39)) (5.6.0)
Requirement already satisfied: locust==2.41.2 in ./backend-notice/.venv/lib/python3.12/site-packages (from -r /home/sahaj/sahaj-os/services/backend-notice/requirements.txt (line 40)) (2.41.2)
Requirement already satisfied: locust-cloud==1.27.1 in ./backend-notice/.venv/lib/python3.12/site-packages (from -r /home/sahaj/sahaj-os/services/backend-notice/requirements.txt (line 41)) (1.27.1)
Requirement already satisfied: MarkupSafe==3.0.3 in ./backend-notice/.venv/lib/python3.12/site-packages (from -r /home/sahaj/sahaj-os/services/backend-notice/requirements.txt (line 42)) (3.0.3)
Requirement already satisfied: minio==7.2.16 in ./backend-notice/.venv/lib/python3.12/site-packages (from -r /home/sahaj/sahaj-os/services/backend-notice/requirements.txt (line 43)) (7.2.16)
Requirement already satisfied: motor==3.7.1 in ./backend-notice/.venv/lib/python3.12/site-packages (from -r /home/sahaj/sahaj-os/services/backend-notice/requirements.txt (line 44)) (3.7.1)
Requirement already satisfied: msgpack==1.1.1 in ./backend-notice/.venv/lib/python3.12/site-packages (from -r /home/sahaj/sahaj-os/services/backend-notice/requirements.txt (line 45)) (1.1.1)
Requirement already satisfied: multidict==6.7.0 in ./backend-notice/.venv/lib/python3.12/site-packages (from -r /home/sahaj/sahaj-os/services/backend-notice/requirements.txt (line 46)) (6.7.0)
Requirement already satisfied: packaging==25.0 in ./backend-notice/.venv/lib/python3.12/site-packages (from -r /home/sahaj/sahaj-os/services/backend-notice/requirements.txt (line 47)) (25.0)
Requirement already satisfied: pamqp==3.3.0 in ./backend-notice/.venv/lib/python3.12/site-packages (from -r /home/sahaj/sahaj-os/services/backend-notice/requirements.txt (line 48)) (3.3.0)
Requirement already satisfied: passlib==1.7.4 in ./backend-notice/.venv/lib/python3.12/site-packages (from -r /home/sahaj/sahaj-os/services/backend-notice/requirements.txt (line 49)) (1.7.4)
Requirement already satisfied: platformdirs==4.4.0 in ./backend-notice/.venv/lib/python3.12/site-packages (from -r /home/sahaj/sahaj-os/services/backend-notice/requirements.txt (line 50)) (4.4.0)
Requirement already satisfied: pluggy==1.6.0 in ./backend-notice/.venv/lib/python3.12/site-packages (from -r /home/sahaj/sahaj-os/services/backend-notice/requirements.txt (line 51)) (1.6.0)
Requirement already satisfied: prometheus_client==0.23.1 in ./backend-notice/.venv/lib/python3.12/site-packages (from -r /home/sahaj/sahaj-os/services/backend-notice/requirements.txt (line 52)) (0.23.1)
Requirement already satisfied: propcache==0.4.1 in ./backend-notice/.venv/lib/python3.12/site-packages (from -r /home/sahaj/sahaj-os/services/backend-notice/requirements.txt (line 53)) (0.4.1)
Requirement already satisfied: psutil==7.1.0 in ./backend-notice/.venv/lib/python3.12/site-packages (from -r /home/sahaj/sahaj-os/services/backend-notice/requirements.txt (line 54)) (7.1.0)
Requirement already satisfied: pyasn1==0.6.1 in ./backend-notice/.venv/lib/python3.12/site-packages (from -r /home/sahaj/sahaj-os/services/backend-notice/requirements.txt (line 55)) (0.6.1)
Requirement already satisfied: pycparser==2.23 in ./backend-notice/.venv/lib/python3.12/site-packages (from -r /home/sahaj/sahaj-os/services/backend-notice/requirements.txt (line 56)) (2.23)
Requirement already satisfied: pycryptodome==3.23.0 in ./backend-notice/.venv/lib/python3.12/site-packages (from -r /home/sahaj/sahaj-os/services/backend-notice/requirements.txt (line 57)) (3.23.0)
Requirement already satisfied: pydantic==2.11.9 in ./backend-notice/.venv/lib/python3.12/site-packages (from -r /home/sahaj/sahaj-os/services/backend-notice/requirements.txt (line 58)) (2.11.9)
Requirement already satisfied: pydantic-settings==2.11.0 in ./backend-notice/.venv/lib/python3.12/site-packages (from -r /home/sahaj/sahaj-os/services/backend-notice/requirements.txt (line 59)) (2.11.0)
Requirement already satisfied: pydantic_core==2.33.2 in ./backend-notice/.venv/lib/python3.12/site-packages (from -r /home/sahaj/sahaj-os/services/backend-notice/requirements.txt (line 60)) (2.33.2)
Requirement already satisfied: Pygments==2.19.2 in ./backend-notice/.venv/lib/python3.12/site-packages (from -r /home/sahaj/sahaj-os/services/backend-notice/requirements.txt (line 61)) (2.19.2)
Requirement already satisfied: pymongo==4.15.1 in ./backend-notice/.venv/lib/python3.12/site-packages (from -r /home/sahaj/sahaj-os/services/backend-notice/requirements.txt (line 62)) (4.15.1)
Requirement already satisfied: pytest==8.4.2 in ./backend-notice/.venv/lib/python3.12/site-packages (from -r /home/sahaj/sahaj-os/services/backend-notice/requirements.txt (line 63)) (8.4.2)
Requirement already satisfied: python-dotenv==1.1.1 in ./backend-notice/.venv/lib/python3.12/site-packages (from -r /home/sahaj/sahaj-os/services/backend-notice/requirements.txt (line 64)) (1.1.1)
Requirement already satisfied: python-engineio==4.12.3 in ./backend-notice/.venv/lib/python3.12/site-packages (from -r /home/sahaj/sahaj-os/services/backend-notice/requirements.txt (line 65)) (4.12.3)
Requirement already satisfied: python-jose==3.5.0 in ./backend-notice/.venv/lib/python3.12/site-packages (from -r /home/sahaj/sahaj-os/services/backend-notice/requirements.txt (line 66)) (3.5.0)
Requirement already satisfied: python-socketio==5.13.0 in ./backend-notice/.venv/lib/python3.12/site-packages (from -r /home/sahaj/sahaj-os/services/backend-notice/requirements.txt (line 67)) (5.13.0)
Requirement already satisfied: PyYAML==6.0.3 in ./backend-notice/.venv/lib/python3.12/site-packages (from -r /home/sahaj/sahaj-os/services/backend-notice/requirements.txt (line 69)) (6.0.3)
Requirement already satisfied: pyzmq==27.1.0 in ./backend-notice/.venv/lib/python3.12/site-packages (from -r /home/sahaj/sahaj-os/services/backend-notice/requirements.txt (line 70)) (27.1.0)
Requirement already satisfied: redis==6.4.0 in ./backend-notice/.venv/lib/python3.12/site-packages (from -r /home/sahaj/sahaj-os/services/backend-notice/requirements.txt (line 71)) (6.4.0)
Requirement already satisfied: requests==2.32.5 in ./backend-notice/.venv/lib/python3.12/site-packages (from -r /home/sahaj/sahaj-os/services/backend-notice/requirements.txt (line 72)) (2.32.5)
Requirement already satisfied: rsa==4.9.1 in ./backend-notice/.venv/lib/python3.12/site-packages (from -r /home/sahaj/sahaj-os/services/backend-notice/requirements.txt (line 73)) (4.9.1)
Requirement already satisfied: simple-websocket==1.1.0 in ./backend-notice/.venv/lib/python3.12/site-packages (from -r /home/sahaj/sahaj-os/services/backend-notice/requirements.txt (line 74)) (1.1.0)
Requirement already satisfied: six==1.17.0 in ./backend-notice/.venv/lib/python3.12/site-packages (from -r /home/sahaj/sahaj-os/services/backend-notice/requirements.txt (line 75)) (1.17.0)
Requirement already satisfied: slowapi==0.1.9 in ./backend-notice/.venv/lib/python3.12/site-packages (from -r /home/sahaj/sahaj-os/services/backend-notice/requirements.txt (line 76)) (0.1.9)
Requirement already satisfied: sniffio==1.3.1 in ./backend-notice/.venv/lib/python3.12/site-packages (from -r /home/sahaj/sahaj-os/services/backend-notice/requirements.txt (line 77)) (1.3.1)
Requirement already satisfied: starlette==0.48.0 in ./backend-notice/.venv/lib/python3.12/site-packages (from -r /home/sahaj/sahaj-os/services/backend-notice/requirements.txt (line 78)) (0.48.0)
Requirement already satisfied: typing-inspection==0.4.2 in ./backend-notice/.venv/lib/python3.12/site-packages (from -r /home/sahaj/sahaj-os/services/backend-notice/requirements.txt (line 79)) (0.4.2)
Requirement already satisfied: typing_extensions==4.15.0 in ./backend-notice/.venv/lib/python3.12/site-packages (from -r /home/sahaj/sahaj-os/services/backend-notice/requirements.txt (line 80)) (4.15.0)
Requirement already satisfied: urllib3==2.5.0 in ./backend-notice/.venv/lib/python3.12/site-packages (from -r /home/sahaj/sahaj-os/services/backend-notice/requirements.txt (line 81)) (2.5.0)
Requirement already satisfied: uvicorn==0.37.0 in ./backend-notice/.venv/lib/python3.12/site-packages (from -r /home/sahaj/sahaj-os/services/backend-notice/requirements.txt (line 82)) (0.37.0)
Requirement already satisfied: watchfiles==1.1.0 in ./backend-notice/.venv/lib/python3.12/site-packages (from -r /home/sahaj/sahaj-os/services/backend-notice/requirements.txt (line 83)) (1.1.0)
Requirement already satisfied: websocket-client==1.8.0 in ./backend-notice/.venv/lib/python3.12/site-packages (from -r /home/sahaj/sahaj-os/services/backend-notice/requirements.txt (line 84)) (1.8.0)
Requirement already satisfied: websockets==15.0.1 in ./backend-notice/.venv/lib/python3.12/site-packages (from -r /home/sahaj/sahaj-os/services/backend-notice/requirements.txt (line 85)) (15.0.1)
Requirement already satisfied: Werkzeug==3.1.3 in ./backend-notice/.venv/lib/python3.12/site-packages (from -r /home/sahaj/sahaj-os/services/backend-notice/requirements.txt (line 86)) (3.1.3)
Requirement already satisfied: wrapt==1.17.3 in ./backend-notice/.venv/lib/python3.12/site-packages (from -r /home/sahaj/sahaj-os/services/backend-notice/requirements.txt (line 87)) (1.17.3)
Requirement already satisfied: wsproto==1.2.0 in ./backend-notice/.venv/lib/python3.12/site-packages (from -r /home/sahaj/sahaj-os/services/backend-notice/requirements.txt (line 88)) (1.2.0)
Requirement already satisfied: yarl==1.22.0 in ./backend-notice/.venv/lib/python3.12/site-packages (from -r /home/sahaj/sahaj-os/services/backend-notice/requirements.txt (line 89)) (1.22.0)
Requirement already satisfied: zope.event==6.0 in ./backend-notice/.venv/lib/python3.12/site-packages (from -r /home/sahaj/sahaj-os/services/backend-notice/requirements.txt (line 90)) (6.0)
Requirement already satisfied: zope.interface==8.0.1 in ./backend-notice/.venv/lib/python3.12/site-packages (from -r /home/sahaj/sahaj-os/services/backend-notice/requirements.txt (line 91)) (8.0.1)
Requirement already satisfied: setuptools>=70.0.0 in ./backend-notice/.venv/lib/python3.12/site-packages (from locust==2.41.2->-r /home/sahaj/sahaj-os/services/backend-notice/requirements.txt (line 40)) (80.9.0)
[backend-notice] Starting uvicorn on port 9902
INFO:     Will watch for changes in these directories: ['/home/sahaj/sahaj-os/services/backend-notice']
INFO:     Uvicorn running on http://0.0.0.0:9902 (Press CTRL+C to quit)
INFO:     Started reloader process [2067169] using WatchFiles
INFO:     Started server process [2067180]
INFO:     Waiting for application startup.
2025-11-28 10:47:04,612 - INFO - backend-notice - Logging initialized
2025-11-28 10:47:04,615 - INFO - backend-notice - Application startup initiated.
2025-11-28 10:47:04,615 - INFO - backend-notice - Initializing all database clients...
2025-11-28 10:47:04,615 - INFO - backend-notice - Attempting to connect to KeyDB node 127.0.0.1:6333...
2025-11-28 10:47:04,617 - INFO - backend-notice - Connected to KeyDB node 127.0.0.1:6333 successfully!
2025-11-28 10:47:04,617 - INFO - backend-notice - KeyDB client is ready to use.
2025-11-28 10:47:04,617 - INFO - backend-notice - Connecting to MongoDB instances (Motor)...
2025-11-28 10:47:04,634 - INFO - backend-notice - Connected to MongoDB (Motor).
2025-11-28 10:47:04,635 - INFO - backend-notice - Connecting to MinIO S3...
2025-11-28 10:47:04,637 - INFO - backend-notice - Connected to MinIO S3.
2025-11-28 10:47:04,641 - INFO - backend-notice - All database clients initialized successfully.
2025-11-28 10:47:04,641 - INFO - backend-notice - Initializing RabbitMQ pool with 5 connections...
2025-11-28 10:47:04,667 - INFO - backend-notice - RabbitMQ pool initialized successfully!
2025-11-28 10:47:04,668 - INFO - backend-notice - Declaring exchanges...
2025-11-28 10:47:04,673 - INFO - backend-notice - All 10 exchanges declared.
2025-11-28 10:47:04,673 - INFO - backend-notice - Declaring specific queues and bindings...
2025-11-28 10:47:04,676 - INFO - backend-notice - Webhook queues and bindings declared.
2025-11-28 10:47:04,680 - INFO - backend-notice - Consent event queues and bindings declared.
2025-11-28 10:47:04,684 - INFO - backend-notice - Consent expiry queues and bindings declared.
2025-11-28 10:47:04,686 - INFO - backend-notice - Data expiry queues and bindings declared.
2025-11-28 10:47:04,687 - INFO - backend-notice - Consent processing queues and bindings declared.
2025-11-28 10:47:04,694 - INFO - backend-notice - Declared 10 generic queues.
2025-11-28 10:47:04,699 - INFO - backend-notice - Stored DF key: 01f8a970-5bba-47e7-986e-ba1691486b31_detail in Redis
2025-11-28 10:47:04,700 - INFO - backend-notice - Application startup complete.
INFO:     Application startup complete.
INFO:     Shutting down
INFO:     Waiting for application shutdown.
2025-11-28 10:58:23,410 - INFO - backend-notice - Closing all connections in the pool...
2025-11-28 10:58:23,413 - INFO - backend-notice - RabbitMQ connections closed!
2025-11-28 10:58:23,413 - INFO - backend-notice - Application shutdown initiated.
2025-11-28 10:58:23,413 - INFO - backend-notice - Application shutdown complete.
INFO:     Application shutdown complete.
INFO:     Finished server process [2067180]
INFO:     Stopping reloader process [2067169]
==== Starting backend-notice - Fri Nov 28 10:58:55 UTC 2025 ====
Requirement already satisfied: pip in ./backend-notice/.venv/lib/python3.12/site-packages (25.3)
Ignoring pywin32: markers 'sys_platform == "win32"' don't match your environment
Requirement already satisfied: aio-pika==9.5.7 in ./backend-notice/.venv/lib/python3.12/site-packages (from -r /home/sahaj/sahaj-os/services/backend-notice/requirements.txt (line 1)) (9.5.7)
Requirement already satisfied: aiormq==6.9.0 in ./backend-notice/.venv/lib/python3.12/site-packages (from -r /home/sahaj/sahaj-os/services/backend-notice/requirements.txt (line 2)) (6.9.0)
Requirement already satisfied: annotated-types==0.7.0 in ./backend-notice/.venv/lib/python3.12/site-packages (from -r /home/sahaj/sahaj-os/services/backend-notice/requirements.txt (line 3)) (0.7.0)
Requirement already satisfied: anyio==4.11.0 in ./backend-notice/.venv/lib/python3.12/site-packages (from -r /home/sahaj/sahaj-os/services/backend-notice/requirements.txt (line 4)) (4.11.0)
Requirement already satisfied: argon2-cffi==25.1.0 in ./backend-notice/.venv/lib/python3.12/site-packages (from -r /home/sahaj/sahaj-os/services/backend-notice/requirements.txt (line 5)) (25.1.0)
Requirement already satisfied: argon2-cffi-bindings==25.1.0 in ./backend-notice/.venv/lib/python3.12/site-packages (from -r /home/sahaj/sahaj-os/services/backend-notice/requirements.txt (line 6)) (25.1.0)
Requirement already satisfied: asyncpg==0.30.0 in ./backend-notice/.venv/lib/python3.12/site-packages (from -r /home/sahaj/sahaj-os/services/backend-notice/requirements.txt (line 7)) (0.30.0)
Requirement already satisfied: bcrypt==4.3.0 in ./backend-notice/.venv/lib/python3.12/site-packages (from -r /home/sahaj/sahaj-os/services/backend-notice/requirements.txt (line 8)) (4.3.0)
Requirement already satisfied: bidict==0.23.1 in ./backend-notice/.venv/lib/python3.12/site-packages (from -r /home/sahaj/sahaj-os/services/backend-notice/requirements.txt (line 9)) (0.23.1)
Requirement already satisfied: blinker==1.9.0 in ./backend-notice/.venv/lib/python3.12/site-packages (from -r /home/sahaj/sahaj-os/services/backend-notice/requirements.txt (line 10)) (1.9.0)
Requirement already satisfied: Brotli==1.1.0 in ./backend-notice/.venv/lib/python3.12/site-packages (from -r /home/sahaj/sahaj-os/services/backend-notice/requirements.txt (line 11)) (1.1.0)
Requirement already satisfied: certifi==2025.8.3 in ./backend-notice/.venv/lib/python3.12/site-packages (from -r /home/sahaj/sahaj-os/services/backend-notice/requirements.txt (line 12)) (2025.8.3)
Requirement already satisfied: cffi==2.0.0 in ./backend-notice/.venv/lib/python3.12/site-packages (from -r /home/sahaj/sahaj-os/services/backend-notice/requirements.txt (line 13)) (2.0.0)
Requirement already satisfied: charset-normalizer==3.4.3 in ./backend-notice/.venv/lib/python3.12/site-packages (from -r /home/sahaj/sahaj-os/services/backend-notice/requirements.txt (line 14)) (3.4.3)
Requirement already satisfied: click==8.3.0 in ./backend-notice/.venv/lib/python3.12/site-packages (from -r /home/sahaj/sahaj-os/services/backend-notice/requirements.txt (line 15)) (8.3.0)
Requirement already satisfied: colorama==0.4.6 in ./backend-notice/.venv/lib/python3.12/site-packages (from -r /home/sahaj/sahaj-os/services/backend-notice/requirements.txt (line 16)) (0.4.6)
Requirement already satisfied: ConfigArgParse==1.7.1 in ./backend-notice/.venv/lib/python3.12/site-packages (from -r /home/sahaj/sahaj-os/services/backend-notice/requirements.txt (line 17)) (1.7.1)
Requirement already satisfied: cryptography==46.0.2 in ./backend-notice/.venv/lib/python3.12/site-packages (from -r /home/sahaj/sahaj-os/services/backend-notice/requirements.txt (line 18)) (46.0.2)
Requirement already satisfied: Deprecated==1.2.18 in ./backend-notice/.venv/lib/python3.12/site-packages (from -r /home/sahaj/sahaj-os/services/backend-notice/requirements.txt (line 19)) (1.2.18)
Requirement already satisfied: dnspython==2.8.0 in ./backend-notice/.venv/lib/python3.12/site-packages (from -r /home/sahaj/sahaj-os/services/backend-notice/requirements.txt (line 20)) (2.8.0)
Requirement already satisfied: ecdsa==0.19.1 in ./backend-notice/.venv/lib/python3.12/site-packages (from -r /home/sahaj/sahaj-os/services/backend-notice/requirements.txt (line 21)) (0.19.1)
Requirement already satisfied: email-validator==2.3.0 in ./backend-notice/.venv/lib/python3.12/site-packages (from -r /home/sahaj/sahaj-os/services/backend-notice/requirements.txt (line 22)) (2.3.0)
Requirement already satisfied: fastapi==0.118.0 in ./backend-notice/.venv/lib/python3.12/site-packages (from -r /home/sahaj/sahaj-os/services/backend-notice/requirements.txt (line 23)) (0.118.0)
Requirement already satisfied: Flask==3.1.2 in ./backend-notice/.venv/lib/python3.12/site-packages (from -r /home/sahaj/sahaj-os/services/backend-notice/requirements.txt (line 24)) (3.1.2)
Requirement already satisfied: flask-cors==6.0.1 in ./backend-notice/.venv/lib/python3.12/site-packages (from -r /home/sahaj/sahaj-os/services/backend-notice/requirements.txt (line 25)) (6.0.1)
Requirement already satisfied: Flask-Login==0.6.3 in ./backend-notice/.venv/lib/python3.12/site-packages (from -r /home/sahaj/sahaj-os/services/backend-notice/requirements.txt (line 26)) (0.6.3)
Requirement already satisfied: gevent==25.5.1 in ./backend-notice/.venv/lib/python3.12/site-packages (from -r /home/sahaj/sahaj-os/services/backend-notice/requirements.txt (line 27)) (25.5.1)
Requirement already satisfied: geventhttpclient==2.3.4 in ./backend-notice/.venv/lib/python3.12/site-packages (from -r /home/sahaj/sahaj-os/services/backend-notice/requirements.txt (line 28)) (2.3.4)
Requirement already satisfied: greenlet==3.2.4 in ./backend-notice/.venv/lib/python3.12/site-packages (from -r /home/sahaj/sahaj-os/services/backend-notice/requirements.txt (line 29)) (3.2.4)
Requirement already satisfied: h11==0.16.0 in ./backend-notice/.venv/lib/python3.12/site-packages (from -r /home/sahaj/sahaj-os/services/backend-notice/requirements.txt (line 30)) (0.16.0)
Requirement already satisfied: hiredis==3.2.1 in ./backend-notice/.venv/lib/python3.12/site-packages (from -r /home/sahaj/sahaj-os/services/backend-notice/requirements.txt (line 31)) (3.2.1)
Requirement already satisfied: httpcore==1.0.9 in ./backend-notice/.venv/lib/python3.12/site-packages (from -r /home/sahaj/sahaj-os/services/backend-notice/requirements.txt (line 32)) (1.0.9)
Requirement already satisfied: httptools==0.6.4 in ./backend-notice/.venv/lib/python3.12/site-packages (from -r /home/sahaj/sahaj-os/services/backend-notice/requirements.txt (line 33)) (0.6.4)
Requirement already satisfied: httpx==0.28.1 in ./backend-notice/.venv/lib/python3.12/site-packages (from -r /home/sahaj/sahaj-os/services/backend-notice/requirements.txt (line 34)) (0.28.1)
Requirement already satisfied: idna==3.10 in ./backend-notice/.venv/lib/python3.12/site-packages (from -r /home/sahaj/sahaj-os/services/backend-notice/requirements.txt (line 35)) (3.10)
Requirement already satisfied: iniconfig==2.1.0 in ./backend-notice/.venv/lib/python3.12/site-packages (from -r /home/sahaj/sahaj-os/services/backend-notice/requirements.txt (line 36)) (2.1.0)
Requirement already satisfied: itsdangerous==2.2.0 in ./backend-notice/.venv/lib/python3.12/site-packages (from -r /home/sahaj/sahaj-os/services/backend-notice/requirements.txt (line 37)) (2.2.0)
Requirement already satisfied: Jinja2==3.1.6 in ./backend-notice/.venv/lib/python3.12/site-packages (from -r /home/sahaj/sahaj-os/services/backend-notice/requirements.txt (line 38)) (3.1.6)
Requirement already satisfied: limits==5.6.0 in ./backend-notice/.venv/lib/python3.12/site-packages (from -r /home/sahaj/sahaj-os/services/backend-notice/requirements.txt (line 39)) (5.6.0)
Requirement already satisfied: locust==2.41.2 in ./backend-notice/.venv/lib/python3.12/site-packages (from -r /home/sahaj/sahaj-os/services/backend-notice/requirements.txt (line 40)) (2.41.2)
Requirement already satisfied: locust-cloud==1.27.1 in ./backend-notice/.venv/lib/python3.12/site-packages (from -r /home/sahaj/sahaj-os/services/backend-notice/requirements.txt (line 41)) (1.27.1)
Requirement already satisfied: MarkupSafe==3.0.3 in ./backend-notice/.venv/lib/python3.12/site-packages (from -r /home/sahaj/sahaj-os/services/backend-notice/requirements.txt (line 42)) (3.0.3)
Requirement already satisfied: minio==7.2.16 in ./backend-notice/.venv/lib/python3.12/site-packages (from -r /home/sahaj/sahaj-os/services/backend-notice/requirements.txt (line 43)) (7.2.16)
Requirement already satisfied: motor==3.7.1 in ./backend-notice/.venv/lib/python3.12/site-packages (from -r /home/sahaj/sahaj-os/services/backend-notice/requirements.txt (line 44)) (3.7.1)
Requirement already satisfied: msgpack==1.1.1 in ./backend-notice/.venv/lib/python3.12/site-packages (from -r /home/sahaj/sahaj-os/services/backend-notice/requirements.txt (line 45)) (1.1.1)
Requirement already satisfied: multidict==6.7.0 in ./backend-notice/.venv/lib/python3.12/site-packages (from -r /home/sahaj/sahaj-os/services/backend-notice/requirements.txt (line 46)) (6.7.0)
Requirement already satisfied: packaging==25.0 in ./backend-notice/.venv/lib/python3.12/site-packages (from -r /home/sahaj/sahaj-os/services/backend-notice/requirements.txt (line 47)) (25.0)
Requirement already satisfied: pamqp==3.3.0 in ./backend-notice/.venv/lib/python3.12/site-packages (from -r /home/sahaj/sahaj-os/services/backend-notice/requirements.txt (line 48)) (3.3.0)
Requirement already satisfied: passlib==1.7.4 in ./backend-notice/.venv/lib/python3.12/site-packages (from -r /home/sahaj/sahaj-os/services/backend-notice/requirements.txt (line 49)) (1.7.4)
Requirement already satisfied: platformdirs==4.4.0 in ./backend-notice/.venv/lib/python3.12/site-packages (from -r /home/sahaj/sahaj-os/services/backend-notice/requirements.txt (line 50)) (4.4.0)
Requirement already satisfied: pluggy==1.6.0 in ./backend-notice/.venv/lib/python3.12/site-packages (from -r /home/sahaj/sahaj-os/services/backend-notice/requirements.txt (line 51)) (1.6.0)
Requirement already satisfied: prometheus_client==0.23.1 in ./backend-notice/.venv/lib/python3.12/site-packages (from -r /home/sahaj/sahaj-os/services/backend-notice/requirements.txt (line 52)) (0.23.1)
Requirement already satisfied: propcache==0.4.1 in ./backend-notice/.venv/lib/python3.12/site-packages (from -r /home/sahaj/sahaj-os/services/backend-notice/requirements.txt (line 53)) (0.4.1)
Requirement already satisfied: psutil==7.1.0 in ./backend-notice/.venv/lib/python3.12/site-packages (from -r /home/sahaj/sahaj-os/services/backend-notice/requirements.txt (line 54)) (7.1.0)
Requirement already satisfied: pyasn1==0.6.1 in ./backend-notice/.venv/lib/python3.12/site-packages (from -r /home/sahaj/sahaj-os/services/backend-notice/requirements.txt (line 55)) (0.6.1)
Requirement already satisfied: pycparser==2.23 in ./backend-notice/.venv/lib/python3.12/site-packages (from -r /home/sahaj/sahaj-os/services/backend-notice/requirements.txt (line 56)) (2.23)
Requirement already satisfied: pycryptodome==3.23.0 in ./backend-notice/.venv/lib/python3.12/site-packages (from -r /home/sahaj/sahaj-os/services/backend-notice/requirements.txt (line 57)) (3.23.0)
Requirement already satisfied: pydantic==2.11.9 in ./backend-notice/.venv/lib/python3.12/site-packages (from -r /home/sahaj/sahaj-os/services/backend-notice/requirements.txt (line 58)) (2.11.9)
Requirement already satisfied: pydantic-settings==2.11.0 in ./backend-notice/.venv/lib/python3.12/site-packages (from -r /home/sahaj/sahaj-os/services/backend-notice/requirements.txt (line 59)) (2.11.0)
Requirement already satisfied: pydantic_core==2.33.2 in ./backend-notice/.venv/lib/python3.12/site-packages (from -r /home/sahaj/sahaj-os/services/backend-notice/requirements.txt (line 60)) (2.33.2)
Requirement already satisfied: Pygments==2.19.2 in ./backend-notice/.venv/lib/python3.12/site-packages (from -r /home/sahaj/sahaj-os/services/backend-notice/requirements.txt (line 61)) (2.19.2)
Requirement already satisfied: pymongo==4.15.1 in ./backend-notice/.venv/lib/python3.12/site-packages (from -r /home/sahaj/sahaj-os/services/backend-notice/requirements.txt (line 62)) (4.15.1)
Requirement already satisfied: pytest==8.4.2 in ./backend-notice/.venv/lib/python3.12/site-packages (from -r /home/sahaj/sahaj-os/services/backend-notice/requirements.txt (line 63)) (8.4.2)
Requirement already satisfied: python-dotenv==1.1.1 in ./backend-notice/.venv/lib/python3.12/site-packages (from -r /home/sahaj/sahaj-os/services/backend-notice/requirements.txt (line 64)) (1.1.1)
Requirement already satisfied: python-engineio==4.12.3 in ./backend-notice/.venv/lib/python3.12/site-packages (from -r /home/sahaj/sahaj-os/services/backend-notice/requirements.txt (line 65)) (4.12.3)
Requirement already satisfied: python-jose==3.5.0 in ./backend-notice/.venv/lib/python3.12/site-packages (from -r /home/sahaj/sahaj-os/services/backend-notice/requirements.txt (line 66)) (3.5.0)
Requirement already satisfied: python-socketio==5.13.0 in ./backend-notice/.venv/lib/python3.12/site-packages (from -r /home/sahaj/sahaj-os/services/backend-notice/requirements.txt (line 67)) (5.13.0)
Requirement already satisfied: PyYAML==6.0.3 in ./backend-notice/.venv/lib/python3.12/site-packages (from -r /home/sahaj/sahaj-os/services/backend-notice/requirements.txt (line 69)) (6.0.3)
Requirement already satisfied: pyzmq==27.1.0 in ./backend-notice/.venv/lib/python3.12/site-packages (from -r /home/sahaj/sahaj-os/services/backend-notice/requirements.txt (line 70)) (27.1.0)
Requirement already satisfied: redis==6.4.0 in ./backend-notice/.venv/lib/python3.12/site-packages (from -r /home/sahaj/sahaj-os/services/backend-notice/requirements.txt (line 71)) (6.4.0)
Requirement already satisfied: requests==2.32.5 in ./backend-notice/.venv/lib/python3.12/site-packages (from -r /home/sahaj/sahaj-os/services/backend-notice/requirements.txt (line 72)) (2.32.5)
Requirement already satisfied: rsa==4.9.1 in ./backend-notice/.venv/lib/python3.12/site-packages (from -r /home/sahaj/sahaj-os/services/backend-notice/requirements.txt (line 73)) (4.9.1)
Requirement already satisfied: simple-websocket==1.1.0 in ./backend-notice/.venv/lib/python3.12/site-packages (from -r /home/sahaj/sahaj-os/services/backend-notice/requirements.txt (line 74)) (1.1.0)
Requirement already satisfied: six==1.17.0 in ./backend-notice/.venv/lib/python3.12/site-packages (from -r /home/sahaj/sahaj-os/services/backend-notice/requirements.txt (line 75)) (1.17.0)
Requirement already satisfied: slowapi==0.1.9 in ./backend-notice/.venv/lib/python3.12/site-packages (from -r /home/sahaj/sahaj-os/services/backend-notice/requirements.txt (line 76)) (0.1.9)
Requirement already satisfied: sniffio==1.3.1 in ./backend-notice/.venv/lib/python3.12/site-packages (from -r /home/sahaj/sahaj-os/services/backend-notice/requirements.txt (line 77)) (1.3.1)
Requirement already satisfied: starlette==0.48.0 in ./backend-notice/.venv/lib/python3.12/site-packages (from -r /home/sahaj/sahaj-os/services/backend-notice/requirements.txt (line 78)) (0.48.0)
Requirement already satisfied: typing-inspection==0.4.2 in ./backend-notice/.venv/lib/python3.12/site-packages (from -r /home/sahaj/sahaj-os/services/backend-notice/requirements.txt (line 79)) (0.4.2)
Requirement already satisfied: typing_extensions==4.15.0 in ./backend-notice/.venv/lib/python3.12/site-packages (from -r /home/sahaj/sahaj-os/services/backend-notice/requirements.txt (line 80)) (4.15.0)
Requirement already satisfied: urllib3==2.5.0 in ./backend-notice/.venv/lib/python3.12/site-packages (from -r /home/sahaj/sahaj-os/services/backend-notice/requirements.txt (line 81)) (2.5.0)
Requirement already satisfied: uvicorn==0.37.0 in ./backend-notice/.venv/lib/python3.12/site-packages (from -r /home/sahaj/sahaj-os/services/backend-notice/requirements.txt (line 82)) (0.37.0)
Requirement already satisfied: watchfiles==1.1.0 in ./backend-notice/.venv/lib/python3.12/site-packages (from -r /home/sahaj/sahaj-os/services/backend-notice/requirements.txt (line 83)) (1.1.0)
Requirement already satisfied: websocket-client==1.8.0 in ./backend-notice/.venv/lib/python3.12/site-packages (from -r /home/sahaj/sahaj-os/services/backend-notice/requirements.txt (line 84)) (1.8.0)
Requirement already satisfied: websockets==15.0.1 in ./backend-notice/.venv/lib/python3.12/site-packages (from -r /home/sahaj/sahaj-os/services/backend-notice/requirements.txt (line 85)) (15.0.1)
Requirement already satisfied: Werkzeug==3.1.3 in ./backend-notice/.venv/lib/python3.12/site-packages (from -r /home/sahaj/sahaj-os/services/backend-notice/requirements.txt (line 86)) (3.1.3)
Requirement already satisfied: wrapt==1.17.3 in ./backend-notice/.venv/lib/python3.12/site-packages (from -r /home/sahaj/sahaj-os/services/backend-notice/requirements.txt (line 87)) (1.17.3)
Requirement already satisfied: wsproto==1.2.0 in ./backend-notice/.venv/lib/python3.12/site-packages (from -r /home/sahaj/sahaj-os/services/backend-notice/requirements.txt (line 88)) (1.2.0)
Requirement already satisfied: yarl==1.22.0 in ./backend-notice/.venv/lib/python3.12/site-packages (from -r /home/sahaj/sahaj-os/services/backend-notice/requirements.txt (line 89)) (1.22.0)
Requirement already satisfied: zope.event==6.0 in ./backend-notice/.venv/lib/python3.12/site-packages (from -r /home/sahaj/sahaj-os/services/backend-notice/requirements.txt (line 90)) (6.0)
Requirement already satisfied: zope.interface==8.0.1 in ./backend-notice/.venv/lib/python3.12/site-packages (from -r /home/sahaj/sahaj-os/services/backend-notice/requirements.txt (line 91)) (8.0.1)
Requirement already satisfied: setuptools>=70.0.0 in ./backend-notice/.venv/lib/python3.12/site-packages (from locust==2.41.2->-r /home/sahaj/sahaj-os/services/backend-notice/requirements.txt (line 40)) (80.9.0)
[backend-notice] Starting uvicorn on port 9902
INFO:     Will watch for changes in these directories: ['/home/sahaj/sahaj-os/services/backend-notice']
INFO:     Uvicorn running on http://0.0.0.0:9902 (Press CTRL+C to quit)
INFO:     Started reloader process [2091219] using WatchFiles
INFO:     Started server process [2091240]
INFO:     Waiting for application startup.
2025-11-28 10:58:56,915 - INFO - backend-notice - Logging initialized
2025-11-28 10:58:56,915 - INFO - backend-notice - Application startup initiated.
2025-11-28 10:58:56,915 - INFO - backend-notice - Initializing all database clients...
2025-11-28 10:58:56,916 - INFO - backend-notice - Attempting to connect to KeyDB node 127.0.0.1:6333...
2025-11-28 10:58:56,917 - INFO - backend-notice - Connected to KeyDB node 127.0.0.1:6333 successfully!
2025-11-28 10:58:56,918 - INFO - backend-notice - KeyDB client is ready to use.
2025-11-28 10:58:56,918 - INFO - backend-notice - Connecting to MongoDB instances (Motor)...
2025-11-28 10:58:56,937 - INFO - backend-notice - Connected to MongoDB (Motor).
2025-11-28 10:58:56,938 - INFO - backend-notice - Connecting to MinIO S3...
2025-11-28 10:58:56,942 - INFO - backend-notice - Connected to MinIO S3.
2025-11-28 10:58:56,942 - INFO - backend-notice - All database clients initialized successfully.
2025-11-28 10:58:56,942 - INFO - backend-notice - Initializing RabbitMQ pool with 5 connections...
2025-11-28 10:58:56,970 - INFO - backend-notice - RabbitMQ pool initialized successfully!
2025-11-28 10:58:56,971 - INFO - backend-notice - Declaring exchanges...
2025-11-28 10:58:57,000 - INFO - backend-notice - All 10 exchanges declared.
2025-11-28 10:58:57,000 - INFO - backend-notice - Declaring specific queues and bindings...
2025-11-28 10:58:57,021 - INFO - backend-notice - Webhook queues and bindings declared.
2025-11-28 10:58:57,037 - INFO - backend-notice - Consent event queues and bindings declared.
2025-11-28 10:58:57,052 - INFO - backend-notice - Consent expiry queues and bindings declared.
2025-11-28 10:58:57,065 - INFO - backend-notice - Data expiry queues and bindings declared.
2025-11-28 10:58:57,084 - INFO - backend-notice - Consent processing queues and bindings declared.
2025-11-28 10:58:57,131 - INFO - backend-notice - Declared 10 generic queues.
2025-11-28 10:58:57,136 - INFO - backend-notice - Stored DF key: 01f8a970-5bba-47e7-986e-ba1691486b31_detail in Redis
2025-11-28 10:58:57,139 - INFO - backend-notice - Application startup complete.
INFO:     Application startup complete.
INFO:     Shutting down
INFO:     Waiting for application shutdown.
2025-11-28 11:00:37,103 - INFO - backend-notice - Closing all connections in the pool...
2025-11-28 11:00:37,106 - INFO - backend-notice - RabbitMQ connections closed!
2025-11-28 11:00:37,106 - INFO - backend-notice - Application shutdown initiated.
2025-11-28 11:00:37,106 - INFO - backend-notice - Application shutdown complete.
INFO:     Application shutdown complete.
INFO:     Finished server process [2091240]
INFO:     Stopping reloader process [2091219]
