==== Starting cookie-consent-collection - Fri Nov 28 10:47:03 UTC 2025 ====
Requirement already satisfied: pip in ./cookie-consent-collection/.venv/lib/python3.12/site-packages (25.3)
Requirement already satisfied: fastapi in ./cookie-consent-collection/.venv/lib/python3.12/site-packages (from -r /home/sahaj/sahaj-os/services/cookie-consent-collection/requirements.txt (line 1)) (0.122.0)
Requirement already satisfied: pydantic in ./cookie-consent-collection/.venv/lib/python3.12/site-packages (from -r /home/sahaj/sahaj-os/services/cookie-consent-collection/requirements.txt (line 3)) (2.12.5)
Requirement already satisfied: motor in ./cookie-consent-collection/.venv/lib/python3.12/site-packages (from -r /home/sahaj/sahaj-os/services/cookie-consent-collection/requirements.txt (line 4)) (3.7.1)
Requirement already satisfied: pymongo in ./cookie-consent-collection/.venv/lib/python3.12/site-packages (from -r /home/sahaj/sahaj-os/services/cookie-consent-collection/requirements.txt (line 5)) (4.15.4)
Requirement already satisfied: slowapi in ./cookie-consent-collection/.venv/lib/python3.12/site-packages (from -r /home/sahaj/sahaj-os/services/cookie-consent-collection/requirements.txt (line 6)) (0.1.9)
Requirement already satisfied: python-dotenv in ./cookie-consent-collection/.venv/lib/python3.12/site-packages (from -r /home/sahaj/sahaj-os/services/cookie-consent-collection/requirements.txt (line 7)) (1.2.1)
Requirement already satisfied: pydantic-settings in ./cookie-consent-collection/.venv/lib/python3.12/site-packages (from -r /home/sahaj/sahaj-os/services/cookie-consent-collection/requirements.txt (line 8)) (2.12.0)
Requirement already satisfied: uvicorn[standard] in ./cookie-consent-collection/.venv/lib/python3.12/site-packages (from -r /home/sahaj/sahaj-os/services/cookie-consent-collection/requirements.txt (line 2)) (0.38.0)
Requirement already satisfied: starlette<0.51.0,>=0.40.0 in ./cookie-consent-collection/.venv/lib/python3.12/site-packages (from fastapi->-r /home/sahaj/sahaj-os/services/cookie-consent-collection/requirements.txt (line 1)) (0.50.0)
Requirement already satisfied: typing-extensions>=4.8.0 in ./cookie-consent-collection/.venv/lib/python3.12/site-packages (from fastapi->-r /home/sahaj/sahaj-os/services/cookie-consent-collection/requirements.txt (line 1)) (4.15.0)
Requirement already satisfied: annotated-doc>=0.0.2 in ./cookie-consent-collection/.venv/lib/python3.12/site-packages (from fastapi->-r /home/sahaj/sahaj-os/services/cookie-consent-collection/requirements.txt (line 1)) (0.0.4)
Requirement already satisfied: annotated-types>=0.6.0 in ./cookie-consent-collection/.venv/lib/python3.12/site-packages (from pydantic->-r /home/sahaj/sahaj-os/services/cookie-consent-collection/requirements.txt (line 3)) (0.7.0)
Requirement already satisfied: pydantic-core==2.41.5 in ./cookie-consent-collection/.venv/lib/python3.12/site-packages (from pydantic->-r /home/sahaj/sahaj-os/services/cookie-consent-collection/requirements.txt (line 3)) (2.41.5)
Requirement already satisfied: typing-inspection>=0.4.2 in ./cookie-consent-collection/.venv/lib/python3.12/site-packages (from pydantic->-r /home/sahaj/sahaj-os/services/cookie-consent-collection/requirements.txt (line 3)) (0.4.2)
Requirement already satisfied: anyio<5,>=3.6.2 in ./cookie-consent-collection/.venv/lib/python3.12/site-packages (from starlette<0.51.0,>=0.40.0->fastapi->-r /home/sahaj/sahaj-os/services/cookie-consent-collection/requirements.txt (line 1)) (4.11.0)
Requirement already satisfied: idna>=2.8 in ./cookie-consent-collection/.venv/lib/python3.12/site-packages (from anyio<5,>=3.6.2->starlette<0.51.0,>=0.40.0->fastapi->-r /home/sahaj/sahaj-os/services/cookie-consent-collection/requirements.txt (line 1)) (3.11)
Requirement already satisfied: sniffio>=1.1 in ./cookie-consent-collection/.venv/lib/python3.12/site-packages (from anyio<5,>=3.6.2->starlette<0.51.0,>=0.40.0->fastapi->-r /home/sahaj/sahaj-os/services/cookie-consent-collection/requirements.txt (line 1)) (1.3.1)
Requirement already satisfied: click>=7.0 in ./cookie-consent-collection/.venv/lib/python3.12/site-packages (from uvicorn[standard]->-r /home/sahaj/sahaj-os/services/cookie-consent-collection/requirements.txt (line 2)) (8.3.1)
Requirement already satisfied: h11>=0.8 in ./cookie-consent-collection/.venv/lib/python3.12/site-packages (from uvicorn[standard]->-r /home/sahaj/sahaj-os/services/cookie-consent-collection/requirements.txt (line 2)) (0.16.0)
Requirement already satisfied: httptools>=0.6.3 in ./cookie-consent-collection/.venv/lib/python3.12/site-packages (from uvicorn[standard]->-r /home/sahaj/sahaj-os/services/cookie-consent-collection/requirements.txt (line 2)) (0.7.1)
Requirement already satisfied: pyyaml>=5.1 in ./cookie-consent-collection/.venv/lib/python3.12/site-packages (from uvicorn[standard]->-r /home/sahaj/sahaj-os/services/cookie-consent-collection/requirements.txt (line 2)) (6.0.3)
Requirement already satisfied: uvloop>=0.15.1 in ./cookie-consent-collection/.venv/lib/python3.12/site-packages (from uvicorn[standard]->-r /home/sahaj/sahaj-os/services/cookie-consent-collection/requirements.txt (line 2)) (0.22.1)
Requirement already satisfied: watchfiles>=0.13 in ./cookie-consent-collection/.venv/lib/python3.12/site-packages (from uvicorn[standard]->-r /home/sahaj/sahaj-os/services/cookie-consent-collection/requirements.txt (line 2)) (1.1.1)
Requirement already satisfied: websockets>=10.4 in ./cookie-consent-collection/.venv/lib/python3.12/site-packages (from uvicorn[standard]->-r /home/sahaj/sahaj-os/services/cookie-consent-collection/requirements.txt (line 2)) (15.0.1)
Requirement already satisfied: dnspython<3.0.0,>=1.16.0 in ./cookie-consent-collection/.venv/lib/python3.12/site-packages (from pymongo->-r /home/sahaj/sahaj-os/services/cookie-consent-collection/requirements.txt (line 5)) (2.8.0)
Requirement already satisfied: limits>=2.3 in ./cookie-consent-collection/.venv/lib/python3.12/site-packages (from slowapi->-r /home/sahaj/sahaj-os/services/cookie-consent-collection/requirements.txt (line 6)) (5.6.0)
Requirement already satisfied: deprecated>=1.2 in ./cookie-consent-collection/.venv/lib/python3.12/site-packages (from limits>=2.3->slowapi->-r /home/sahaj/sahaj-os/services/cookie-consent-collection/requirements.txt (line 6)) (1.3.1)
Requirement already satisfied: packaging>=21 in ./cookie-consent-collection/.venv/lib/python3.12/site-packages (from limits>=2.3->slowapi->-r /home/sahaj/sahaj-os/services/cookie-consent-collection/requirements.txt (line 6)) (25.0)
Requirement already satisfied: wrapt<3,>=1.10 in ./cookie-consent-collection/.venv/lib/python3.12/site-packages (from deprecated>=1.2->limits>=2.3->slowapi->-r /home/sahaj/sahaj-os/services/cookie-consent-collection/requirements.txt (line 6)) (2.0.1)
[cookie-consent-collection] Starting uvicorn on port 9903
INFO:     Will watch for changes in these directories: ['/home/sahaj/sahaj-os/services/cookie-consent-collection']
INFO:     Uvicorn running on http://0.0.0.0:9903 (Press CTRL+C to quit)
INFO:     Started reloader process [2067229] using WatchFiles
INFO:     Started server process [2067292]
INFO:     Waiting for application startup.
2025-11-28 10:47:05,459 - INFO - backend-cookie-consent - Logging initialized
2025-11-28 10:47:05,463 - INFO - backend-cookie-consent - Connected to MongoDB successfully at: mongodb://ferret_w8c3y9yb:UIx4RuHZ6aRF1tn5khEJL3kOLkAr1DGf@127.0.0.1:27017
INFO:     Application startup complete.
INFO:     Shutting down
INFO:     Waiting for application shutdown.
2025-11-28 10:58:25,054 - INFO - backend-cookie-consent - MongoDB connection closed gracefully.
INFO:     Application shutdown complete.
INFO:     Finished server process [2067292]
INFO:     Stopping reloader process [2067229]
==== Starting cookie-consent-collection - Fri Nov 28 10:58:56 UTC 2025 ====
Requirement already satisfied: pip in ./cookie-consent-collection/.venv/lib/python3.12/site-packages (25.3)
Requirement already satisfied: fastapi in ./cookie-consent-collection/.venv/lib/python3.12/site-packages (from -r /home/sahaj/sahaj-os/services/cookie-consent-collection/requirements.txt (line 1)) (0.122.0)
Requirement already satisfied: pydantic in ./cookie-consent-collection/.venv/lib/python3.12/site-packages (from -r /home/sahaj/sahaj-os/services/cookie-consent-collection/requirements.txt (line 3)) (2.12.5)
Requirement already satisfied: motor in ./cookie-consent-collection/.venv/lib/python3.12/site-packages (from -r /home/sahaj/sahaj-os/services/cookie-consent-collection/requirements.txt (line 4)) (3.7.1)
Requirement already satisfied: pymongo in ./cookie-consent-collection/.venv/lib/python3.12/site-packages (from -r /home/sahaj/sahaj-os/services/cookie-consent-collection/requirements.txt (line 5)) (4.15.4)
Requirement already satisfied: slowapi in ./cookie-consent-collection/.venv/lib/python3.12/site-packages (from -r /home/sahaj/sahaj-os/services/cookie-consent-collection/requirements.txt (line 6)) (0.1.9)
Requirement already satisfied: python-dotenv in ./cookie-consent-collection/.venv/lib/python3.12/site-packages (from -r /home/sahaj/sahaj-os/services/cookie-consent-collection/requirements.txt (line 7)) (1.2.1)
Requirement already satisfied: pydantic-settings in ./cookie-consent-collection/.venv/lib/python3.12/site-packages (from -r /home/sahaj/sahaj-os/services/cookie-consent-collection/requirements.txt (line 8)) (2.12.0)
Requirement already satisfied: uvicorn[standard] in ./cookie-consent-collection/.venv/lib/python3.12/site-packages (from -r /home/sahaj/sahaj-os/services/cookie-consent-collection/requirements.txt (line 2)) (0.38.0)
Requirement already satisfied: starlette<0.51.0,>=0.40.0 in ./cookie-consent-collection/.venv/lib/python3.12/site-packages (from fastapi->-r /home/sahaj/sahaj-os/services/cookie-consent-collection/requirements.txt (line 1)) (0.50.0)
Requirement already satisfied: typing-extensions>=4.8.0 in ./cookie-consent-collection/.venv/lib/python3.12/site-packages (from fastapi->-r /home/sahaj/sahaj-os/services/cookie-consent-collection/requirements.txt (line 1)) (4.15.0)
Requirement already satisfied: annotated-doc>=0.0.2 in ./cookie-consent-collection/.venv/lib/python3.12/site-packages (from fastapi->-r /home/sahaj/sahaj-os/services/cookie-consent-collection/requirements.txt (line 1)) (0.0.4)
Requirement already satisfied: annotated-types>=0.6.0 in ./cookie-consent-collection/.venv/lib/python3.12/site-packages (from pydantic->-r /home/sahaj/sahaj-os/services/cookie-consent-collection/requirements.txt (line 3)) (0.7.0)
Requirement already satisfied: pydantic-core==2.41.5 in ./cookie-consent-collection/.venv/lib/python3.12/site-packages (from pydantic->-r /home/sahaj/sahaj-os/services/cookie-consent-collection/requirements.txt (line 3)) (2.41.5)
Requirement already satisfied: typing-inspection>=0.4.2 in ./cookie-consent-collection/.venv/lib/python3.12/site-packages (from pydantic->-r /home/sahaj/sahaj-os/services/cookie-consent-collection/requirements.txt (line 3)) (0.4.2)
Requirement already satisfied: anyio<5,>=3.6.2 in ./cookie-consent-collection/.venv/lib/python3.12/site-packages (from starlette<0.51.0,>=0.40.0->fastapi->-r /home/sahaj/sahaj-os/services/cookie-consent-collection/requirements.txt (line 1)) (4.11.0)
Requirement already satisfied: idna>=2.8 in ./cookie-consent-collection/.venv/lib/python3.12/site-packages (from anyio<5,>=3.6.2->starlette<0.51.0,>=0.40.0->fastapi->-r /home/sahaj/sahaj-os/services/cookie-consent-collection/requirements.txt (line 1)) (3.11)
Requirement already satisfied: sniffio>=1.1 in ./cookie-consent-collection/.venv/lib/python3.12/site-packages (from anyio<5,>=3.6.2->starlette<0.51.0,>=0.40.0->fastapi->-r /home/sahaj/sahaj-os/services/cookie-consent-collection/requirements.txt (line 1)) (1.3.1)
Requirement already satisfied: click>=7.0 in ./cookie-consent-collection/.venv/lib/python3.12/site-packages (from uvicorn[standard]->-r /home/sahaj/sahaj-os/services/cookie-consent-collection/requirements.txt (line 2)) (8.3.1)
Requirement already satisfied: h11>=0.8 in ./cookie-consent-collection/.venv/lib/python3.12/site-packages (from uvicorn[standard]->-r /home/sahaj/sahaj-os/services/cookie-consent-collection/requirements.txt (line 2)) (0.16.0)
Requirement already satisfied: httptools>=0.6.3 in ./cookie-consent-collection/.venv/lib/python3.12/site-packages (from uvicorn[standard]->-r /home/sahaj/sahaj-os/services/cookie-consent-collection/requirements.txt (line 2)) (0.7.1)
Requirement already satisfied: pyyaml>=5.1 in ./cookie-consent-collection/.venv/lib/python3.12/site-packages (from uvicorn[standard]->-r /home/sahaj/sahaj-os/services/cookie-consent-collection/requirements.txt (line 2)) (6.0.3)
Requirement already satisfied: uvloop>=0.15.1 in ./cookie-consent-collection/.venv/lib/python3.12/site-packages (from uvicorn[standard]->-r /home/sahaj/sahaj-os/services/cookie-consent-collection/requirements.txt (line 2)) (0.22.1)
Requirement already satisfied: watchfiles>=0.13 in ./cookie-consent-collection/.venv/lib/python3.12/site-packages (from uvicorn[standard]->-r /home/sahaj/sahaj-os/services/cookie-consent-collection/requirements.txt (line 2)) (1.1.1)
Requirement already satisfied: websockets>=10.4 in ./cookie-consent-collection/.venv/lib/python3.12/site-packages (from uvicorn[standard]->-r /home/sahaj/sahaj-os/services/cookie-consent-collection/requirements.txt (line 2)) (15.0.1)
Requirement already satisfied: dnspython<3.0.0,>=1.16.0 in ./cookie-consent-collection/.venv/lib/python3.12/site-packages (from pymongo->-r /home/sahaj/sahaj-os/services/cookie-consent-collection/requirements.txt (line 5)) (2.8.0)
Requirement already satisfied: limits>=2.3 in ./cookie-consent-collection/.venv/lib/python3.12/site-packages (from slowapi->-r /home/sahaj/sahaj-os/services/cookie-consent-collection/requirements.txt (line 6)) (5.6.0)
Requirement already satisfied: deprecated>=1.2 in ./cookie-consent-collection/.venv/lib/python3.12/site-packages (from limits>=2.3->slowapi->-r /home/sahaj/sahaj-os/services/cookie-consent-collection/requirements.txt (line 6)) (1.3.1)
Requirement already satisfied: packaging>=21 in ./cookie-consent-collection/.venv/lib/python3.12/site-packages (from limits>=2.3->slowapi->-r /home/sahaj/sahaj-os/services/cookie-consent-collection/requirements.txt (line 6)) (25.0)
Requirement already satisfied: wrapt<3,>=1.10 in ./cookie-consent-collection/.venv/lib/python3.12/site-packages (from deprecated>=1.2->limits>=2.3->slowapi->-r /home/sahaj/sahaj-os/services/cookie-consent-collection/requirements.txt (line 6)) (2.0.1)
[cookie-consent-collection] Starting uvicorn on port 9903
INFO:     Will watch for changes in these directories: ['/home/sahaj/sahaj-os/services/cookie-consent-collection']
INFO:     Uvicorn running on http://0.0.0.0:9903 (Press CTRL+C to quit)
INFO:     Started reloader process [2091293] using WatchFiles
INFO:     Started server process [2091336]
INFO:     Waiting for application startup.
2025-11-28 10:58:57,711 - INFO - backend-cookie-consent - Logging initialized
2025-11-28 10:58:57,728 - INFO - backend-cookie-consent - Connected to MongoDB successfully at: mongodb://ferret_4viwc9a6:AYxOuLIjt2QodjJiNESdsZwKES8tCgOv@127.0.0.1:27017
INFO:     Application startup complete.
INFO:     Shutting down
INFO:     Waiting for application shutdown.
2025-11-28 11:00:38,736 - INFO - backend-cookie-consent - MongoDB connection closed gracefully.
INFO:     Application shutdown complete.
INFO:     Finished server process [2091336]
INFO:     Stopping reloader process [2091293]
